unityLibrary/build/intermediates/manifest_merge_blame_file/debug/manifest-merger-blame-debug-report.txt
1<?xml version="1.0" encoding="utf-8"?>
2<manifest xmlns:android="http://schemas.android.com/apk/res/android"
3    xmlns:tools="http://schemas.android.com/tools"
4    package="com.unity3d.player" >
5
6    <uses-sdk android:minSdkVersion="22" />
6-->src/main/AndroidManifest.xml
7
8    <uses-feature android:glEsVersion="0x00030000" />
8-->src/main/AndroidManifest.xml:21:3-52
8-->src/main/AndroidManifest.xml:21:17-49
9    <uses-feature
9-->src/main/AndroidManifest.xml:22:3-91
10        android:name="android.hardware.vulkan.version"
10-->src/main/AndroidManifest.xml:22:17-63
11        android:required="false" />
11-->src/main/AndroidManifest.xml:22:64-88
12    <uses-feature
12-->src/main/AndroidManifest.xml:23:3-88
13        android:name="android.hardware.touchscreen"
13-->src/main/AndroidManifest.xml:23:17-60
14        android:required="false" />
14-->src/main/AndroidManifest.xml:23:61-85
15    <uses-feature
15-->src/main/AndroidManifest.xml:24:3-99
16        android:name="android.hardware.touchscreen.multitouch"
16-->src/main/AndroidManifest.xml:24:17-71
17        android:required="false" />
17-->src/main/AndroidManifest.xml:24:72-96
18    <uses-feature
18-->src/main/AndroidManifest.xml:25:3-108
19        android:name="android.hardware.touchscreen.multitouch.distinct"
19-->src/main/AndroidManifest.xml:25:17-80
20        android:required="false" />
20-->src/main/AndroidManifest.xml:25:81-105
21
22    <application android:extractNativeLibs="true" >
22-->src/main/AndroidManifest.xml:3:3-20:17
22-->src/main/AndroidManifest.xml:3:16-48
23        <activity
23-->src/main/AndroidManifest.xml:4:5-13:16
24            android:name="com.unity3d.player.UnityPlayerActivity"
24-->src/main/AndroidManifest.xml:4:15-68
25            android:configChanges="mcc|mnc|locale|touchscreen|keyboard|keyboardHidden|navigation|orientation|screenLayout|uiMode|screenSize|smallestScreenSize|fontScale|layoutDirection|density"
25-->src/main/AndroidManifest.xml:4:180-361
26            android:exported="true"
26-->src/main/AndroidManifest.xml:5:9-32
27            android:hardwareAccelerated="false"
27-->src/main/AndroidManifest.xml:4:397-432
28            android:launchMode="singleTask"
28-->src/main/AndroidManifest.xml:4:148-179
29            android:resizeableActivity="false"
29-->src/main/AndroidManifest.xml:4:362-396
30            android:screenOrientation="fullUser"
30-->src/main/AndroidManifest.xml:4:111-147
31            android:theme="@style/UnityThemeSelector"
31-->src/main/AndroidManifest.xml:4:69-110
32            tools:targetApi="n" >
32-->src/main/AndroidManifest.xml:6:9-28
33
34            <!-- <intent-filter> -->
35            <!-- <action android:name="android.intent.action.MAIN" /> -->
36            <!-- <category android:name="android.intent.category.LAUNCHER" /> -->
37            <!-- </intent-filter> -->
38            <meta-data
38-->src/main/AndroidManifest.xml:11:7-82
39                android:name="unityplayer.UnityActivity"
39-->src/main/AndroidManifest.xml:11:18-58
40                android:value="true" />
40-->src/main/AndroidManifest.xml:11:59-79
41            <meta-data
41-->src/main/AndroidManifest.xml:12:7-78
42                android:name="android.notch_support"
42-->src/main/AndroidManifest.xml:12:18-54
43                android:value="true" />
43-->src/main/AndroidManifest.xml:12:55-75
44        </activity>
45
46        <meta-data
46-->src/main/AndroidManifest.xml:14:5-69
47            android:name="unity.splash-mode"
47-->src/main/AndroidManifest.xml:14:16-48
48            android:value="0" />
48-->src/main/AndroidManifest.xml:14:49-66
49        <meta-data
49-->src/main/AndroidManifest.xml:15:5-74
50            android:name="unity.splash-enable"
50-->src/main/AndroidManifest.xml:15:16-50
51            android:value="True" />
51-->src/main/AndroidManifest.xml:15:51-71
52        <meta-data
52-->src/main/AndroidManifest.xml:16:5-78
53            android:name="unity.launch-fullscreen"
53-->src/main/AndroidManifest.xml:16:16-54
54            android:value="True" />
54-->src/main/AndroidManifest.xml:16:55-75
55        <meta-data
55-->src/main/AndroidManifest.xml:17:5-84
56            android:name="unity.allow-resizable-window"
56-->src/main/AndroidManifest.xml:17:16-59
57            android:value="False" />
57-->src/main/AndroidManifest.xml:17:60-81
58        <meta-data
58-->src/main/AndroidManifest.xml:18:5-81
59            android:name="notch.config"
59-->src/main/AndroidManifest.xml:18:16-43
60            android:value="portrait|landscape" />
60-->src/main/AndroidManifest.xml:18:44-78
61        <meta-data
61-->src/main/AndroidManifest.xml:19:5-84
62            android:name="unity.auto-report-fully-drawn"
62-->src/main/AndroidManifest.xml:19:16-60
63            android:value="true" />
63-->src/main/AndroidManifest.xml:19:61-81
64    </application>
65
66</manifest>